<?xml version="1.0" encoding="UTF-8"?>
<!-- Generated by org.testng.reporters.JUnitReportReporter -->
<testsuite skipped="0" hostname="RAJESH-PC" name="vtiger.tests.LeadsTest" tests="1" failures="0" timestamp="04 May 2019 06:43:29 GMT" time="6.001" errors="0">
  <testcase name="CreateLeadTC005" time="6.001" classname="vtiger.tests.LeadsTest"/>
</testsuite> <!-- vtiger.tests.LeadsTest -->
