<?xml version="1.0" encoding="UTF-8"?>
<!-- Generated by org.testng.reporters.JUnitReportReporter -->
<testsuite skipped="0" hostname="RAJESH-PC" name="vtiger.tests.LoginTest" tests="1" failures="0" timestamp="04 May 2019 06:43:29 GMT" time="3.028" errors="0">
  <testcase name="verifyLoginValid_TC04" time="3.028" classname="vtiger.tests.LoginTest"/>
</testsuite> <!-- vtiger.tests.LoginTest -->
